<html>
<head>
<title>TestNG:  Cucumber test</title>
<link href="../testng.css" rel="stylesheet" type="text/css" />
<link href="../my-testng.css" rel="stylesheet" type="text/css" />

<style type="text/css">
.log { display: none;} 
.stack-trace { display: none;} 
</style>
<script type="text/javascript">
<!--
function flip(e) {
  current = e.style.display;
  if (current == 'block') {
    e.style.display = 'none';
    return 0;
  }
  else {
    e.style.display = 'block';
    return 1;
  }
}

function toggleBox(szDivId, elem, msg1, msg2)
{
  var res = -1;  if (document.getElementById) {
    res = flip(document.getElementById(szDivId));
  }
  else if (document.all) {
    // this is the way old msie versions work
    res = flip(document.all[szDivId]);
  }
  if(elem) {
    if(res == 0) elem.innerHTML = msg1; else elem.innerHTML = msg2;
  }

}

function toggleAllBoxes() {
  if (document.getElementsByTagName) {
    d = document.getElementsByTagName('div');
    for (i = 0; i < d.length; i++) {
      if (d[i].className == 'log') {
        flip(d[i]);
      }
    }
  }
}

// -->
</script>

</head>
<body>
<h2 align='center'>Cucumber test</h2><table border='1' align="center">
<tr>
<td>Tests passed/Failed/Skipped:</td><td>0/1/0</td>
</tr><tr>
<td>Started on:</td><td>Tue Nov 17 16:00:17 IST 2020</td>
</tr>
<tr><td>Total time:</td><td>19 seconds (19832 ms)</td>
</tr><tr>
<td>Included groups:</td><td></td>
</tr><tr>
<td>Excluded groups:</td><td></td>
</tr>
</table><p/>
<small><i>(Hover the method name to see the test class name)</i></small><p/>
<table width='100%' border='1' class='invocation-failed'>
<tr><td colspan='4' align='center'><b>FAILED TESTS</b></td></tr>
<tr><td><b>Test method</b></td>
<td width="30%"><b>Exception</b></td>
<td width="10%"><b>Time (seconds)</b></td>
<td><b>Instance</b></td>
</tr>
<tr>
<td title='step_Definitions.Runner.feature()'><b>feature</b><br>Test class: step_Definitions.Runner<br>Test method: Runs Cucumber Feature<br>Parameters: Search for a Bus</td>
<td><div><pre>cucumber.runtime.CucumberException: org.openqa.selenium.SessionNotCreatedException: session not created
from disconnected: Unable to receive message from renderer
  (Session info: chrome=86.0.4240.198)
Build info: version: &apos;3.12.0&apos;, revision: &apos;7c6e0b3&apos;, time: &apos;2018-05-08T14:04:26.12Z&apos;
System info: host: &apos;SHARAN-PC&apos;, ip: &apos;192.168.43.27&apos;, os.name: &apos;Windows 7&apos;, os.arch: &apos;amd64&apos;, os.version: &apos;6.1&apos;, java.version: &apos;1.8.0_181&apos;
Driver info: driver.version: ChromeDriver
remote stacktrace: Backtrace:
	Ordinal0 [0x0047C013+3194899]
	Ordinal0 [0x00366021+2056225]
	Ordinal0 [0x001FF608+587272]
	Ordinal0 [0x001F3735+538421]
	Ordinal0 [0x001F2A6F+535151]
	Ordinal0 [0x001F2E45+536133]
	Ordinal0 [0x001F27A5+534437]
	Ordinal0 [0x001FBBC9+572361]
	Ordinal0 [0x001F2754+534356]
	Ordinal0 [0x001F3475+537717]
	Ordinal0 [0x001F2A6F+535151]
	Ordinal0 [0x001F2E45+536133]
	Ordinal0 [0x001F27A5+534437]
	Ordinal0 [0x001F9EFE+564990]
	Ordinal0 [0x001F2754+534356]
	Ordinal0 [0x001F3475+537717]
	Ordinal0 [0x001F2A6F+535151]
	Ordinal0 [0x001F2E45+536133]
	Ordinal0 [0x001F27A5+534437]
	Ordinal0 [0x001F8186+557446]
	Ordinal0 [0x001F2754+534356]
	Ordinal0 [0x001F3475+537717]
	Ordinal0 [0x001F2A6F+535151]
	Ordinal0 [0x001F2E45+536133]
	Ordinal0 [0x001F27A5+534437]
	Ordinal0 [0x001F74A7+554151]
	Ordinal0 [0x001F2754+534356]
	Ordinal0 [0x001F3475+537717]
	Ordinal0 [0x001F2A6F+535151]
	Ordinal0 [0x001F2E45+536133]
	Ordinal0 [0x001F27A5+534437]
	Ordinal0 [0x001EF06C+520300]
	Ordinal0 [0x001F2754+534356]
	Ordinal0 [0x001F25BF+533951]
	Ordinal0 [0x001F23D3+533459]
	Ordinal0 [0x00200620+591392]
	Ordinal0 [0x001A2A0C+207372]
	Ordinal0 [0x001A1D0D+204045]
	Ordinal0 [0x0019FC1B+195611]
	Ordinal0 [0x00183B7F+80767]
	Ordinal0 [0x00184B4E+84814]
	Ordinal0 [0x00184AD9+84697]
	Ordinal0 [0x0037CE64+2149988]
	GetHandleVerifier [0x005EBE95+1400773]
	GetHandleVerifier [0x005EBB61+1399953]
	GetHandleVerifier [0x005F31FA+1430314]
	GetHandleVerifier [0x005EC69F+1402831]
	Ordinal0 [0x00373D61+2112865]
	Ordinal0 [0x0037E5CB+2155979]
	Ordinal0 [0x0037E6F5+2156277]
	Ordinal0 [0x0038F26E+2224750]
	BaseThreadInitThunk [0x75F13677+18]
	RtlInitializeExceptionChain [0x77DC9D72+99]
	RtlInitializeExceptionChain [0x77DC9D45+54]

	at cucumber.api.testng.TestNGCucumberRunner.runCucumber(TestNGCucumberRunner.java:69)
	at cucumber.api.testng.AbstractTestNGCucumberTests.feature(AbstractTestNGCucumberTests.java:21)
	at sun.reflect.NativeMethodAccessorImpl.invoke0(Native Method)
	at sun.reflect.NativeMethodAccessorImpl.invoke(Unknown Source)
	at sun.reflect.DelegatingMethodAccessorImpl.invoke(Unknown Source)
	at java.lang.reflect.Method.invoke(Unknown Source)
	at org.testng.internal.MethodInvocationHelper.invokeMethod(MethodInvocationHelper.java:85)
	at org.testng.internal.Invoker.invokeMethod(Invoker.java:659)
	at org.testng.internal.Invoker.invokeTestMethod(Invoker.java:845)
	at org.testng.internal.Invoker.invokeTestMethods(Invoker.java:1153)
	at org.testng.internal.TestMethodWorker.invokeTestMethods(TestMethodWorker.java:125)
	at org.testng.internal.TestMethodWorker.run(TestMethodWorker.java:108)
	at org.testng.TestRunner.privateRun(TestRunner.java:771)
	at org.testng.TestRunner.run(TestRunner.java:621)
	at org.testng.SuiteRunner.runTest(SuiteRunner.java:357)
	at org.testng.SuiteRunner.runSequentially(SuiteRunner.java:352)
	at org.testng.SuiteRunner.privateRun(SuiteRunner.java:310)
	at org.testng.SuiteRunner.run(SuiteRunner.java:259)
	at org.testng.SuiteRunnerWorker.runSuite(SuiteRunnerWorker.java:52)
	at org.testng.SuiteRunnerWorker.run(SuiteRunnerWorker.java:86)
	at org.testng.TestNG.runSuitesSequentially(TestNG.java:1199)
	at org.testng.TestNG.runSuitesLocally(TestNG.java:1124)
	at org.testng.TestNG.run(TestNG.java:1032)
	at org.apache.maven.surefire.testng.TestNGExecutor.run(TestNGExecutor.java:283)
	at org.apache.maven.surefire.testng.TestNGXmlTestSuite.execute(TestNGXmlTestSuite.java:75)
	at org.apache.maven.surefire.testng.TestNGProvider.invoke(TestNGProvider.java:120)
	at org.apache.maven.surefire.booter.ForkedBooter.invokeProviderInSameClassLoader(ForkedBooter.java:373)
	at org.apache.maven.surefire.booter.ForkedBooter.runSuitesInProcess(ForkedBooter.java:334)
	at org.apache.maven.surefire.booter.ForkedBooter.execute(ForkedBooter.java:119)
	at org.apache.maven.surefire.booter.ForkedBooter.main(ForkedBooter.java:407)
Caused by: org.openqa.selenium.SessionNotCreatedException: session not created
from disconnected: Unable to receive message from renderer
  (Session info: chrome=86.0.4240.198)
Build info: version: &apos;3.12.0&apos;, revision: &apos;7c6e0b3&apos;, time: &apos;2018-05-08T14:04:26.12Z&apos;
System info: host: &apos;SHARAN-PC&apos;, ip: &apos;192.168.43.27&apos;, os.name: &apos;Windows 7&apos;, os.arch: &apos;amd64&apos;, os.version: &apos;6.1&apos;, java.version: &apos;1.8.0_181&apos;
Driver info: driver.version: ChromeDriver
remote stacktrace: Backtrace:
	Ordinal0 [0x0047C013+3194899]
	Ordinal0 [0x00366021+2056225]
	Ordinal0 [0x001FF608+587272]
	Ordinal0 [0x001F3735+538421]
	Ordinal0 [0x001F2A6F+535151]
	Ordinal0 [0x001F2E45+536133]
	Ordinal0 [0x001F27A5+534437]
	Ordinal0 [0x001FBBC9+572361]
	Ordinal0 [0x001F2754+534356]
	Ordinal0 [0x001F3475+537717]
	Ordinal0 [0x001F2A6F+535151]
	Ordinal0 [0x001F2E45+536133]
	Ordinal0 [0x001F27A5+534437]
	Ordinal0 [0x001F9EFE+564990]
	Ordinal0 [0x001F2754+534356]
	Ordinal0 [0x001F3475+537717]
	Ordinal0 [0x001F2A6F+535151]
	Ordinal0 [0x001F2E45+536133]
	Ordinal0 [0x001F27A5+534437]
	Ordinal0 [0x001F8186+557446]
	Ordinal0 [0x001F2754+534356]
	Ordinal0 [0x001F3475+537717]
	Ordinal0 [0x001F2A6F+535151]
	Ordinal0 [0x001F2E45+536133]
	Ordinal0 [0x001F27A5+534437]
	Ordinal0 [0x001F74A7+554151]
	Ordinal0 [0x001F2754+534356]
	Ordinal0 [0x001F3475+537717]
	Ordinal0 [0x001F2A6F+535151]
	Ordinal0 [0x001F2E45+536133]
	Ordinal0 [0x001F27A5+534437]
	Ordinal0 [0x001EF06C+520300]
	Ordinal0 [0x001F2754+534356]
	Ordinal0 [0x001F25BF+533951]
	Ordinal0 [0x001F23D3+533459]
	Ordinal0 [0x00200620+591392]
	Ordinal0 [0x001A2A0C+207372]
	Ordinal0 [0x001A1D0D+204045]
	Ordinal0 [0x0019FC1B+195611]
	Ordinal0 [0x00183B7F+80767]
	Ordinal0 [0x00184B4E+84814]
	Ordinal0 [0x00184AD9+84697]
	Ordinal0 [0x0037CE64+2149988]
	GetHandleVerifier [0x005EBE95+1400773]
	GetHandleVerifier [0x005EBB61+1399953]
	GetHandleVerifier [0x005F31FA+1430314]
	GetHandleVerifier [0x005EC69F+1402831]
	Ordinal0 [0x00373D61+2112865]
	Ordinal0 [0x0037E5CB+2155979]
	Ordinal0 [0x0037E6F5+2156277]
	Ordinal0 [0x0038F26E+2224750]
	BaseThreadInitThunk [0x75F13677+18]
	RtlInitializeExceptionChain [0x77DC9D72+99]
	RtlInitializeExceptionChain [0x77DC9D45+54]

	at sun.reflect.NativeConstructorAccessorImpl.newInstance0(Native Method)
	at sun.reflect.NativeConstructorAccessorImpl.newInstance(Unknown Source)
	at sun.reflect.DelegatingConstructorAccessorImpl.newInstance(Unknown Source)
	at java.lang.reflect.Constructor.newInstance(Unknown Source)
	at org.openqa.selenium.remote.W3CHandshakeResponse.lambda$new$0(W3CHandshakeResponse.java:57)
	at org.openqa.selenium.remote.W3CHandshakeResponse.lambda$getResponseFunction$2(W3CHandshakeResponse.java:104)
	at org.openqa.selenium.remote.ProtocolHandshake.lambda$createSession$0(ProtocolHandshake.java:123)
	at java.util.stream.ReferencePipeline$3$1.accept(Unknown Source)
	at java.util.Spliterators$ArraySpliterator.tryAdvance(Unknown Source)
	at java.util.stream.ReferencePipeline.forEachWithCancel(Unknown Source)
	at java.util.stream.AbstractPipeline.copyIntoWithCancel(Unknown Source)
	at java.util.stream.AbstractPipeline.copyInto(Unknown Source)
	at java.util.stream.AbstractPipeline.wrapAndCopyInto(Unknown Source)
	at java.util.stream.FindOps$FindOp.evaluateSequential(Unknown Source)
	at java.util.stream.AbstractPipeline.evaluate(Unknown Source)
	at java.util.stream.ReferencePipeline.findFirst(Unknown Source)
	at org.openqa.selenium.remote.ProtocolHandshake.createSession(ProtocolHandshake.java:126)
	at org.openqa.selenium.remote.ProtocolHandshake.createSession(ProtocolHandshake.java:73)
	at org.openqa.selenium.remote.HttpCommandExecutor.execute(HttpCommandExecutor.java:136)
	at org.openqa.selenium.remote.service.DriverCommandExecutor.execute(DriverCommandExecutor.java:83)
	at org.openqa.selenium.remote.RemoteWebDriver.execute(RemoteWebDriver.java:543)
	at org.openqa.selenium.remote.RemoteWebDriver.startSession(RemoteWebDriver.java:207)
	at org.openqa.selenium.remote.RemoteWebDriver.&lt;init&gt;(RemoteWebDriver.java:130)
	at org.openqa.selenium.chrome.ChromeDriver.&lt;init&gt;(ChromeDriver.java:181)
	at org.openqa.selenium.chrome.ChromeDriver.&lt;init&gt;(ChromeDriver.java:168)
	at org.openqa.selenium.chrome.ChromeDriver.&lt;init&gt;(ChromeDriver.java:123)
	at step_Definitions.Basic.reusable(Basic.java:33)
	at step_Definitions.Search.user_Navigate_to_URL(Search.java:18)
	at ?.Given User Navigate to URL(src/test/resources/features/sample.feature:4)
</pre></div><a href='#' onClick='toggleBox("stack-trace1275464847", this, "Click to show all stack frames", "Click to hide stack frames")'>Click to show all stack frames</a>
<div class='stack-trace' id='stack-trace1275464847'><pre>cucumber.runtime.CucumberException: org.openqa.selenium.SessionNotCreatedException: session not created
from disconnected: Unable to receive message from renderer
  (Session info: chrome=86.0.4240.198)
Build info: version: &apos;3.12.0&apos;, revision: &apos;7c6e0b3&apos;, time: &apos;2018-05-08T14:04:26.12Z&apos;
System info: host: &apos;SHARAN-PC&apos;, ip: &apos;192.168.43.27&apos;, os.name: &apos;Windows 7&apos;, os.arch: &apos;amd64&apos;, os.version: &apos;6.1&apos;, java.version: &apos;1.8.0_181&apos;
Driver info: driver.version: ChromeDriver
remote stacktrace: Backtrace:
	Ordinal0 [0x0047C013+3194899]
	Ordinal0 [0x00366021+2056225]
	Ordinal0 [0x001FF608+587272]
	Ordinal0 [0x001F3735+538421]
	Ordinal0 [0x001F2A6F+535151]
	Ordinal0 [0x001F2E45+536133]
	Ordinal0 [0x001F27A5+534437]
	Ordinal0 [0x001FBBC9+572361]
	Ordinal0 [0x001F2754+534356]
	Ordinal0 [0x001F3475+537717]
	Ordinal0 [0x001F2A6F+535151]
	Ordinal0 [0x001F2E45+536133]
	Ordinal0 [0x001F27A5+534437]
	Ordinal0 [0x001F9EFE+564990]
	Ordinal0 [0x001F2754+534356]
	Ordinal0 [0x001F3475+537717]
	Ordinal0 [0x001F2A6F+535151]
	Ordinal0 [0x001F2E45+536133]
	Ordinal0 [0x001F27A5+534437]
	Ordinal0 [0x001F8186+557446]
	Ordinal0 [0x001F2754+534356]
	Ordinal0 [0x001F3475+537717]
	Ordinal0 [0x001F2A6F+535151]
	Ordinal0 [0x001F2E45+536133]
	Ordinal0 [0x001F27A5+534437]
	Ordinal0 [0x001F74A7+554151]
	Ordinal0 [0x001F2754+534356]
	Ordinal0 [0x001F3475+537717]
	Ordinal0 [0x001F2A6F+535151]
	Ordinal0 [0x001F2E45+536133]
	Ordinal0 [0x001F27A5+534437]
	Ordinal0 [0x001EF06C+520300]
	Ordinal0 [0x001F2754+534356]
	Ordinal0 [0x001F25BF+533951]
	Ordinal0 [0x001F23D3+533459]
	Ordinal0 [0x00200620+591392]
	Ordinal0 [0x001A2A0C+207372]
	Ordinal0 [0x001A1D0D+204045]
	Ordinal0 [0x0019FC1B+195611]
	Ordinal0 [0x00183B7F+80767]
	Ordinal0 [0x00184B4E+84814]
	Ordinal0 [0x00184AD9+84697]
	Ordinal0 [0x0037CE64+2149988]
	GetHandleVerifier [0x005EBE95+1400773]
	GetHandleVerifier [0x005EBB61+1399953]
	GetHandleVerifier [0x005F31FA+1430314]
	GetHandleVerifier [0x005EC69F+1402831]
	Ordinal0 [0x00373D61+2112865]
	Ordinal0 [0x0037E5CB+2155979]
	Ordinal0 [0x0037E6F5+2156277]
	Ordinal0 [0x0038F26E+2224750]
	BaseThreadInitThunk [0x75F13677+18]
	RtlInitializeExceptionChain [0x77DC9D72+99]
	RtlInitializeExceptionChain [0x77DC9D45+54]

	at cucumber.api.testng.TestNGCucumberRunner.runCucumber(TestNGCucumberRunner.java:69)
	at cucumber.api.testng.AbstractTestNGCucumberTests.feature(AbstractTestNGCucumberTests.java:21)
	at sun.reflect.NativeMethodAccessorImpl.invoke0(Native Method)
	at sun.reflect.NativeMethodAccessorImpl.invoke(Unknown Source)
	at sun.reflect.DelegatingMethodAccessorImpl.invoke(Unknown Source)
	at java.lang.reflect.Method.invoke(Unknown Source)
	at org.testng.internal.MethodInvocationHelper.invokeMethod(MethodInvocationHelper.java:85)
	at org.testng.internal.Invoker.invokeMethod(Invoker.java:659)
	at org.testng.internal.Invoker.invokeTestMethod(Invoker.java:845)
	at org.testng.internal.Invoker.invokeTestMethods(Invoker.java:1153)
	at org.testng.internal.TestMethodWorker.invokeTestMethods(TestMethodWorker.java:125)
	at org.testng.internal.TestMethodWorker.run(TestMethodWorker.java:108)
	at org.testng.TestRunner.privateRun(TestRunner.java:771)
	at org.testng.TestRunner.run(TestRunner.java:621)
	at org.testng.SuiteRunner.runTest(SuiteRunner.java:357)
	at org.testng.SuiteRunner.runSequentially(SuiteRunner.java:352)
	at org.testng.SuiteRunner.privateRun(SuiteRunner.java:310)
	at org.testng.SuiteRunner.run(SuiteRunner.java:259)
	at org.testng.SuiteRunnerWorker.runSuite(SuiteRunnerWorker.java:52)
	at org.testng.SuiteRunnerWorker.run(SuiteRunnerWorker.java:86)
	at org.testng.TestNG.runSuitesSequentially(TestNG.java:1199)
	at org.testng.TestNG.runSuitesLocally(TestNG.java:1124)
	at org.testng.TestNG.run(TestNG.java:1032)
	at org.apache.maven.surefire.testng.TestNGExecutor.run(TestNGExecutor.java:283)
	at org.apache.maven.surefire.testng.TestNGXmlTestSuite.execute(TestNGXmlTestSuite.java:75)
	at org.apache.maven.surefire.testng.TestNGProvider.invoke(TestNGProvider.java:120)
	at org.apache.maven.surefire.booter.ForkedBooter.invokeProviderInSameClassLoader(ForkedBooter.java:373)
	at org.apache.maven.surefire.booter.ForkedBooter.runSuitesInProcess(ForkedBooter.java:334)
	at org.apache.maven.surefire.booter.ForkedBooter.execute(ForkedBooter.java:119)
	at org.apache.maven.surefire.booter.ForkedBooter.main(ForkedBooter.java:407)
Caused by: org.openqa.selenium.SessionNotCreatedException: session not created
from disconnected: Unable to receive message from renderer
  (Session info: chrome=86.0.4240.198)
Build info: version: &apos;3.12.0&apos;, revision: &apos;7c6e0b3&apos;, time: &apos;2018-05-08T14:04:26.12Z&apos;
System info: host: &apos;SHARAN-PC&apos;, ip: &apos;192.168.43.27&apos;, os.name: &apos;Windows 7&apos;, os.arch: &apos;amd64&apos;, os.version: &apos;6.1&apos;, java.version: &apos;1.8.0_181&apos;
Driver info: driver.version: ChromeDriver
remote stacktrace: Backtrace:
	Ordinal0 [0x0047C013+3194899]
	Ordinal0 [0x00366021+2056225]
	Ordinal0 [0x001FF608+587272]
	Ordinal0 [0x001F3735+538421]
	Ordinal0 [0x001F2A6F+535151]
	Ordinal0 [0x001F2E45+536133]
	Ordinal0 [0x001F27A5+534437]
	Ordinal0 [0x001FBBC9+572361]
	Ordinal0 [0x001F2754+534356]
	Ordinal0 [0x001F3475+537717]
	Ordinal0 [0x001F2A6F+535151]
	Ordinal0 [0x001F2E45+536133]
	Ordinal0 [0x001F27A5+534437]
	Ordinal0 [0x001F9EFE+564990]
	Ordinal0 [0x001F2754+534356]
	Ordinal0 [0x001F3475+537717]
	Ordinal0 [0x001F2A6F+535151]
	Ordinal0 [0x001F2E45+536133]
	Ordinal0 [0x001F27A5+534437]
	Ordinal0 [0x001F8186+557446]
	Ordinal0 [0x001F2754+534356]
	Ordinal0 [0x001F3475+537717]
	Ordinal0 [0x001F2A6F+535151]
	Ordinal0 [0x001F2E45+536133]
	Ordinal0 [0x001F27A5+534437]
	Ordinal0 [0x001F74A7+554151]
	Ordinal0 [0x001F2754+534356]
	Ordinal0 [0x001F3475+537717]
	Ordinal0 [0x001F2A6F+535151]
	Ordinal0 [0x001F2E45+536133]
	Ordinal0 [0x001F27A5+534437]
	Ordinal0 [0x001EF06C+520300]
	Ordinal0 [0x001F2754+534356]
	Ordinal0 [0x001F25BF+533951]
	Ordinal0 [0x001F23D3+533459]
	Ordinal0 [0x00200620+591392]
	Ordinal0 [0x001A2A0C+207372]
	Ordinal0 [0x001A1D0D+204045]
	Ordinal0 [0x0019FC1B+195611]
	Ordinal0 [0x00183B7F+80767]
	Ordinal0 [0x00184B4E+84814]
	Ordinal0 [0x00184AD9+84697]
	Ordinal0 [0x0037CE64+2149988]
	GetHandleVerifier [0x005EBE95+1400773]
	GetHandleVerifier [0x005EBB61+1399953]
	GetHandleVerifier [0x005F31FA+1430314]
	GetHandleVerifier [0x005EC69F+1402831]
	Ordinal0 [0x00373D61+2112865]
	Ordinal0 [0x0037E5CB+2155979]
	Ordinal0 [0x0037E6F5+2156277]
	Ordinal0 [0x0038F26E+2224750]
	BaseThreadInitThunk [0x75F13677+18]
	RtlInitializeExceptionChain [0x77DC9D72+99]
	RtlInitializeExceptionChain [0x77DC9D45+54]

	at sun.reflect.NativeConstructorAccessorImpl.newInstance0(Native Method)
	at sun.reflect.NativeConstructorAccessorImpl.newInstance(Unknown Source)
	at sun.reflect.DelegatingConstructorAccessorImpl.newInstance(Unknown Source)
	at java.lang.reflect.Constructor.newInstance(Unknown Source)
	at org.openqa.selenium.remote.W3CHandshakeResponse.lambda$new$0(W3CHandshakeResponse.java:57)
	at org.openqa.selenium.remote.W3CHandshakeResponse.lambda$getResponseFunction$2(W3CHandshakeResponse.java:104)
	at org.openqa.selenium.remote.ProtocolHandshake.lambda$createSession$0(ProtocolHandshake.java:123)
	at java.util.stream.ReferencePipeline$3$1.accept(Unknown Source)
	at java.util.Spliterators$ArraySpliterator.tryAdvance(Unknown Source)
	at java.util.stream.ReferencePipeline.forEachWithCancel(Unknown Source)
	at java.util.stream.AbstractPipeline.copyIntoWithCancel(Unknown Source)
	at java.util.stream.AbstractPipeline.copyInto(Unknown Source)
	at java.util.stream.AbstractPipeline.wrapAndCopyInto(Unknown Source)
	at java.util.stream.FindOps$FindOp.evaluateSequential(Unknown Source)
	at java.util.stream.AbstractPipeline.evaluate(Unknown Source)
	at java.util.stream.ReferencePipeline.findFirst(Unknown Source)
	at org.openqa.selenium.remote.ProtocolHandshake.createSession(ProtocolHandshake.java:126)
	at org.openqa.selenium.remote.ProtocolHandshake.createSession(ProtocolHandshake.java:73)
	at org.openqa.selenium.remote.HttpCommandExecutor.execute(HttpCommandExecutor.java:136)
	at org.openqa.selenium.remote.service.DriverCommandExecutor.execute(DriverCommandExecutor.java:83)
	at org.openqa.selenium.remote.RemoteWebDriver.execute(RemoteWebDriver.java:543)
	at org.openqa.selenium.remote.RemoteWebDriver.startSession(RemoteWebDriver.java:207)
	at org.openqa.selenium.remote.RemoteWebDriver.&lt;init&gt;(RemoteWebDriver.java:130)
	at org.openqa.selenium.chrome.ChromeDriver.&lt;init&gt;(ChromeDriver.java:181)
	at org.openqa.selenium.chrome.ChromeDriver.&lt;init&gt;(ChromeDriver.java:168)
	at org.openqa.selenium.chrome.ChromeDriver.&lt;init&gt;(ChromeDriver.java:123)
	at step_Definitions.Basic.reusable(Basic.java:33)
	at step_Definitions.Search.user_Navigate_to_URL(Search.java:18)
	at ?.Given User Navigate to URL(src/test/resources/features/sample.feature:4)
</pre></div></td>
<td>15</td>
<td>step_Definitions.Runner@28d25987</td></tr>
</table><p>
</body>
</html>