<!DOCTYPE html>

<html>
  <head>
  <title>TestNG reports</title>

    <link type="text/css" href="testng-reports.css" rel="stylesheet" />  
    <script type="text/javascript" src="jquery-1.7.1.min.js"></script>
    <script type="text/javascript" src="testng-reports.js"></script>
    <script type="text/javascript" src="https://www.google.com/jsapi"></script>
    <script type='text/javascript'>
      google.load('visualization', '1', {packages:['table']});
      google.setOnLoadCallback(drawTable);
      var suiteTableInitFunctions = new Array();
      var suiteTableData = new Array();
    </script>
    <!--
      <script type="text/javascript" src="jquery-ui/js/jquery-ui-1.8.16.custom.min.js"></script>
     -->
  </head>

  <body>
    <div class="top-banner-root">
      <span class="top-banner-title-font">Test results</span>
      <br/>
      <span class="top-banner-font-1">1 suite, 1 failed test</span>
    </div> <!-- top-banner-root -->
    <div class="navigator-root">
      <div class="navigator-suite-header">
        <span>All suites</span>
        <a href="#" class="collapse-all-link" title="Collapse/expand all the suites">
          <img class="collapse-all-icon" src="collapseall.gif">
          </img> <!-- collapse-all-icon -->
        </a> <!-- collapse-all-link -->
      </div> <!-- navigator-suite-header -->
      <div class="suite">
        <div class="rounded-window">
          <div class="suite-header light-rounded-window-top">
            <a href="#" class="navigator-link" panel-name="suite-Cucumber_Suite">
              <span class="suite-name border-failed">Cucumber Suite</span>
            </a> <!-- navigator-link -->
          </div> <!-- suite-header light-rounded-window-top -->
          <div class="navigator-suite-content">
            <div class="suite-section-title">
              <span>Info</span>
            </div> <!-- suite-section-title -->
            <div class="suite-section-content">
              <ul>
                <li>
                  <a href="#" class="navigator-link " panel-name="test-xml-Cucumber_Suite">
                    <span>D:\JavaForTesters_Synechron_11thJuly2018\Cucumber\testng.xml</span>
                  </a> <!-- navigator-link  -->
                </li>
                <li>
                  <a href="#" class="navigator-link " panel-name="testlist-Cucumber_Suite">
                    <span class="test-stats">1 test</span>
                  </a> <!-- navigator-link  -->
                </li>
                <li>
                  <a href="#" class="navigator-link " panel-name="group-Cucumber_Suite">
                    <span>1 group</span>
                  </a> <!-- navigator-link  -->
                </li>
                <li>
                  <a href="#" class="navigator-link " panel-name="times-Cucumber_Suite">
                    <span>Times</span>
                  </a> <!-- navigator-link  -->
                </li>
                <li>
                  <a href="#" class="navigator-link " panel-name="reporter-Cucumber_Suite">
                    <span>Reporter output</span>
                  </a> <!-- navigator-link  -->
                </li>
                <li>
                  <a href="#" class="navigator-link " panel-name="ignored-methods-Cucumber_Suite">
                    <span>Ignored methods</span>
                  </a> <!-- navigator-link  -->
                </li>
                <li>
                  <a href="#" class="navigator-link " panel-name="chronological-Cucumber_Suite">
                    <span>Chronological view</span>
                  </a> <!-- navigator-link  -->
                </li>
              </ul>
            </div> <!-- suite-section-content -->
            <div class="result-section">
              <div class="suite-section-title">
                <span>Results</span>
              </div> <!-- suite-section-title -->
              <div class="suite-section-content">
                <ul>
                  <li>
                    <span class="method-stats">1 method, 1 failed,   </span>
                  </li>
                  <li>
                    <span class="method-list-title failed">Failed methods</span>
                    <span class="show-or-hide-methods failed">
                      <a href="#" panel-name="suite-Cucumber_Suite" class="hide-methods failed suite-Cucumber_Suite"> (hide)</a> <!-- hide-methods failed suite-Cucumber_Suite -->
                      <a href="#" panel-name="suite-Cucumber_Suite" class="show-methods failed suite-Cucumber_Suite"> (show)</a> <!-- show-methods failed suite-Cucumber_Suite -->
                    </span>
                    <div class="method-list-content failed suite-Cucumber_Suite">
                      <span>
                        <img width="3%" src="failed.png"/>
                        <a href="#" class="method navigator-link" panel-name="suite-Cucumber_Suite" title="step_Definitions.Runner" hash-for-method="feature(Search for a Bus)">feature(Search for a Bus)</a> <!-- method navigator-link -->
                      </span>
                      <br/>
                    </div> <!-- method-list-content failed suite-Cucumber_Suite -->
                  </li>
                </ul>
              </div> <!-- suite-section-content -->
            </div> <!-- result-section -->
          </div> <!-- navigator-suite-content -->
        </div> <!-- rounded-window -->
      </div> <!-- suite -->
    </div> <!-- navigator-root -->
    <div class="wrapper">
      <div class="main-panel-root">
        <div panel-name="suite-Cucumber_Suite" class="panel Cucumber_Suite">
          <div class="suite-Cucumber_Suite-class-failed">
            <div class="main-panel-header rounded-window-top">
              <img src="failed.png"/>
              <span class="class-name">step_Definitions.Runner</span>
            </div> <!-- main-panel-header rounded-window-top -->
            <div class="main-panel-content rounded-window-bottom">
              <div class="method">
                <div class="method-content">
                  <a name="feature(Search for a Bus)">
                  </a> <!-- feature(Search for a Bus) -->
                  <span class="method-name">feature</span>
                  <span class="parameters">(Search for a Bus)</span>
                  <div class="stack-trace">cucumber.runtime.CucumberException: org.openqa.selenium.SessionNotCreatedException: session not created
from disconnected: Unable to receive message from renderer
  (Session info: chrome=86.0.4240.198)
Build info: version: &apos;3.12.0&apos;, revision: &apos;7c6e0b3&apos;, time: &apos;2018-05-08T14:04:26.12Z&apos;
System info: host: &apos;SHARAN-PC&apos;, ip: &apos;192.168.43.27&apos;, os.name: &apos;Windows 7&apos;, os.arch: &apos;amd64&apos;, os.version: &apos;6.1&apos;, java.version: &apos;1.8.0_181&apos;
Driver info: driver.version: ChromeDriver
remote stacktrace: Backtrace:
	Ordinal0 [0x0047C013+3194899]
	Ordinal0 [0x00366021+2056225]
	Ordinal0 [0x001FF608+587272]
	Ordinal0 [0x001F3735+538421]
	Ordinal0 [0x001F2A6F+535151]
	Ordinal0 [0x001F2E45+536133]
	Ordinal0 [0x001F27A5+534437]
	Ordinal0 [0x001FBBC9+572361]
	Ordinal0 [0x001F2754+534356]
	Ordinal0 [0x001F3475+537717]
	Ordinal0 [0x001F2A6F+535151]
	Ordinal0 [0x001F2E45+536133]
	Ordinal0 [0x001F27A5+534437]
	Ordinal0 [0x001F9EFE+564990]
	Ordinal0 [0x001F2754+534356]
	Ordinal0 [0x001F3475+537717]
	Ordinal0 [0x001F2A6F+535151]
	Ordinal0 [0x001F2E45+536133]
	Ordinal0 [0x001F27A5+534437]
	Ordinal0 [0x001F8186+557446]
	Ordinal0 [0x001F2754+534356]
	Ordinal0 [0x001F3475+537717]
	Ordinal0 [0x001F2A6F+535151]
	Ordinal0 [0x001F2E45+536133]
	Ordinal0 [0x001F27A5+534437]
	Ordinal0 [0x001F74A7+554151]
	Ordinal0 [0x001F2754+534356]
	Ordinal0 [0x001F3475+537717]
	Ordinal0 [0x001F2A6F+535151]
	Ordinal0 [0x001F2E45+536133]
	Ordinal0 [0x001F27A5+534437]
	Ordinal0 [0x001EF06C+520300]
	Ordinal0 [0x001F2754+534356]
	Ordinal0 [0x001F25BF+533951]
	Ordinal0 [0x001F23D3+533459]
	Ordinal0 [0x00200620+591392]
	Ordinal0 [0x001A2A0C+207372]
	Ordinal0 [0x001A1D0D+204045]
	Ordinal0 [0x0019FC1B+195611]
	Ordinal0 [0x00183B7F+80767]
	Ordinal0 [0x00184B4E+84814]
	Ordinal0 [0x00184AD9+84697]
	Ordinal0 [0x0037CE64+2149988]
	GetHandleVerifier [0x005EBE95+1400773]
	GetHandleVerifier [0x005EBB61+1399953]
	GetHandleVerifier [0x005F31FA+1430314]
	GetHandleVerifier [0x005EC69F+1402831]
	Ordinal0 [0x00373D61+2112865]
	Ordinal0 [0x0037E5CB+2155979]
	Ordinal0 [0x0037E6F5+2156277]
	Ordinal0 [0x0038F26E+2224750]
	BaseThreadInitThunk [0x75F13677+18]
	RtlInitializeExceptionChain [0x77DC9D72+99]
	RtlInitializeExceptionChain [0x77DC9D45+54]

	at cucumber.api.testng.TestNGCucumberRunner.runCucumber(TestNGCucumberRunner.java:69)
	at cucumber.api.testng.AbstractTestNGCucumberTests.feature(AbstractTestNGCucumberTests.java:21)
	at sun.reflect.NativeMethodAccessorImpl.invoke0(Native Method)
	at sun.reflect.NativeMethodAccessorImpl.invoke(Unknown Source)
	at sun.reflect.DelegatingMethodAccessorImpl.invoke(Unknown Source)
	at java.lang.reflect.Method.invoke(Unknown Source)
	at org.testng.internal.MethodInvocationHelper.invokeMethod(MethodInvocationHelper.java:85)
	at org.testng.internal.Invoker.invokeMethod(Invoker.java:659)
	at org.testng.internal.Invoker.invokeTestMethod(Invoker.java:845)
	at org.testng.internal.Invoker.invokeTestMethods(Invoker.java:1153)
	at org.testng.internal.TestMethodWorker.invokeTestMethods(TestMethodWorker.java:125)
	at org.testng.internal.TestMethodWorker.run(TestMethodWorker.java:108)
	at org.testng.TestRunner.privateRun(TestRunner.java:771)
	at org.testng.TestRunner.run(TestRunner.java:621)
	at org.testng.SuiteRunner.runTest(SuiteRunner.java:357)
	at org.testng.SuiteRunner.runSequentially(SuiteRunner.java:352)
	at org.testng.SuiteRunner.privateRun(SuiteRunner.java:310)
	at org.testng.SuiteRunner.run(SuiteRunner.java:259)
	at org.testng.SuiteRunnerWorker.runSuite(SuiteRunnerWorker.java:52)
	at org.testng.SuiteRunnerWorker.run(SuiteRunnerWorker.java:86)
	at org.testng.TestNG.runSuitesSequentially(TestNG.java:1199)
	at org.testng.TestNG.runSuitesLocally(TestNG.java:1124)
	at org.testng.TestNG.run(TestNG.java:1032)
	at org.apache.maven.surefire.testng.TestNGExecutor.run(TestNGExecutor.java:283)
	at org.apache.maven.surefire.testng.TestNGXmlTestSuite.execute(TestNGXmlTestSuite.java:75)
	at org.apache.maven.surefire.testng.TestNGProvider.invoke(TestNGProvider.java:120)
	at org.apache.maven.surefire.booter.ForkedBooter.invokeProviderInSameClassLoader(ForkedBooter.java:373)
	at org.apache.maven.surefire.booter.ForkedBooter.runSuitesInProcess(ForkedBooter.java:334)
	at org.apache.maven.surefire.booter.ForkedBooter.execute(ForkedBooter.java:119)
	at org.apache.maven.surefire.booter.ForkedBooter.main(ForkedBooter.java:407)
Caused by: org.openqa.selenium.SessionNotCreatedException: session not created
from disconnected: Unable to receive message from renderer
  (Session info: chrome=86.0.4240.198)
Build info: version: &apos;3.12.0&apos;, revision: &apos;7c6e0b3&apos;, time: &apos;2018-05-08T14:04:26.12Z&apos;
System info: host: &apos;SHARAN-PC&apos;, ip: &apos;192.168.43.27&apos;, os.name: &apos;Windows 7&apos;, os.arch: &apos;amd64&apos;, os.version: &apos;6.1&apos;, java.version: &apos;1.8.0_181&apos;
Driver info: driver.version: ChromeDriver
remote stacktrace: Backtrace:
	Ordinal0 [0x0047C013+3194899]
	Ordinal0 [0x00366021+2056225]
	Ordinal0 [0x001FF608+587272]
	Ordinal0 [0x001F3735+538421]
	Ordinal0 [0x001F2A6F+535151]
	Ordinal0 [0x001F2E45+536133]
	Ordinal0 [0x001F27A5+534437]
	Ordinal0 [0x001FBBC9+572361]
	Ordinal0 [0x001F2754+534356]
	Ordinal0 [0x001F3475+537717]
	Ordinal0 [0x001F2A6F+535151]
	Ordinal0 [0x001F2E45+536133]
	Ordinal0 [0x001F27A5+534437]
	Ordinal0 [0x001F9EFE+564990]
	Ordinal0 [0x001F2754+534356]
	Ordinal0 [0x001F3475+537717]
	Ordinal0 [0x001F2A6F+535151]
	Ordinal0 [0x001F2E45+536133]
	Ordinal0 [0x001F27A5+534437]
	Ordinal0 [0x001F8186+557446]
	Ordinal0 [0x001F2754+534356]
	Ordinal0 [0x001F3475+537717]
	Ordinal0 [0x001F2A6F+535151]
	Ordinal0 [0x001F2E45+536133]
	Ordinal0 [0x001F27A5+534437]
	Ordinal0 [0x001F74A7+554151]
	Ordinal0 [0x001F2754+534356]
	Ordinal0 [0x001F3475+537717]
	Ordinal0 [0x001F2A6F+535151]
	Ordinal0 [0x001F2E45+536133]
	Ordinal0 [0x001F27A5+534437]
	Ordinal0 [0x001EF06C+520300]
	Ordinal0 [0x001F2754+534356]
	Ordinal0 [0x001F25BF+533951]
	Ordinal0 [0x001F23D3+533459]
	Ordinal0 [0x00200620+591392]
	Ordinal0 [0x001A2A0C+207372]
	Ordinal0 [0x001A1D0D+204045]
	Ordinal0 [0x0019FC1B+195611]
	Ordinal0 [0x00183B7F+80767]
	Ordinal0 [0x00184B4E+84814]
	Ordinal0 [0x00184AD9+84697]
	Ordinal0 [0x0037CE64+2149988]
	GetHandleVerifier [0x005EBE95+1400773]
	GetHandleVerifier [0x005EBB61+1399953]
	GetHandleVerifier [0x005F31FA+1430314]
	GetHandleVerifier [0x005EC69F+1402831]
	Ordinal0 [0x00373D61+2112865]
	Ordinal0 [0x0037E5CB+2155979]
	Ordinal0 [0x0037E6F5+2156277]
	Ordinal0 [0x0038F26E+2224750]
	BaseThreadInitThunk [0x75F13677+18]
	RtlInitializeExceptionChain [0x77DC9D72+99]
	RtlInitializeExceptionChain [0x77DC9D45+54]

	at sun.reflect.NativeConstructorAccessorImpl.newInstance0(Native Method)
	at sun.reflect.NativeConstructorAccessorImpl.newInstance(Unknown Source)
	at sun.reflect.DelegatingConstructorAccessorImpl.newInstance(Unknown Source)
	at java.lang.reflect.Constructor.newInstance(Unknown Source)
	at org.openqa.selenium.remote.W3CHandshakeResponse.lambda$new$0(W3CHandshakeResponse.java:57)
	at org.openqa.selenium.remote.W3CHandshakeResponse.lambda$getResponseFunction$2(W3CHandshakeResponse.java:104)
	at org.openqa.selenium.remote.ProtocolHandshake.lambda$createSession$0(ProtocolHandshake.java:123)
	at java.util.stream.ReferencePipeline$3$1.accept(Unknown Source)
	at java.util.Spliterators$ArraySpliterator.tryAdvance(Unknown Source)
	at java.util.stream.ReferencePipeline.forEachWithCancel(Unknown Source)
	at java.util.stream.AbstractPipeline.copyIntoWithCancel(Unknown Source)
	at java.util.stream.AbstractPipeline.copyInto(Unknown Source)
	at java.util.stream.AbstractPipeline.wrapAndCopyInto(Unknown Source)
	at java.util.stream.FindOps$FindOp.evaluateSequential(Unknown Source)
	at java.util.stream.AbstractPipeline.evaluate(Unknown Source)
	at java.util.stream.ReferencePipeline.findFirst(Unknown Source)
	at org.openqa.selenium.remote.ProtocolHandshake.createSession(ProtocolHandshake.java:126)
	at org.openqa.selenium.remote.ProtocolHandshake.createSession(ProtocolHandshake.java:73)
	at org.openqa.selenium.remote.HttpCommandExecutor.execute(HttpCommandExecutor.java:136)
	at org.openqa.selenium.remote.service.DriverCommandExecutor.execute(DriverCommandExecutor.java:83)
	at org.openqa.selenium.remote.RemoteWebDriver.execute(RemoteWebDriver.java:543)
	at org.openqa.selenium.remote.RemoteWebDriver.startSession(RemoteWebDriver.java:207)
	at org.openqa.selenium.remote.RemoteWebDriver.&lt;init&gt;(RemoteWebDriver.java:130)
	at org.openqa.selenium.chrome.ChromeDriver.&lt;init&gt;(ChromeDriver.java:181)
	at org.openqa.selenium.chrome.ChromeDriver.&lt;init&gt;(ChromeDriver.java:168)
	at org.openqa.selenium.chrome.ChromeDriver.&lt;init&gt;(ChromeDriver.java:123)
	at step_Definitions.Basic.reusable(Basic.java:33)
	at step_Definitions.Search.user_Navigate_to_URL(Search.java:18)
	at ?.Given User Navigate to URL(src/test/resources/features/sample.feature:4)

</div> <!-- stack-trace -->
                  <em>
(Runs Cucumber Feature)                  </em>
                </div> <!-- method-content -->
              </div> <!-- method -->
            </div> <!-- main-panel-content rounded-window-bottom -->
          </div> <!-- suite-Cucumber_Suite-class-failed -->
        </div> <!-- panel Cucumber_Suite -->
        <div panel-name="test-xml-Cucumber_Suite" class="panel">
          <div class="main-panel-header rounded-window-top">
            <span class="header-content">D:\JavaForTesters_Synechron_11thJuly2018\Cucumber\testng.xml</span>
          </div> <!-- main-panel-header rounded-window-top -->
          <div class="main-panel-content rounded-window-bottom">
            <pre>
&lt;?xml version=&quot;1.0&quot; encoding=&quot;UTF-8&quot;?&gt;
&lt;!DOCTYPE suite SYSTEM &quot;http://testng.org/testng-1.0.dtd&quot;&gt;
&lt;suite thread-count=&quot;1&quot; verbose=&quot;2&quot; name=&quot;Cucumber Suite&quot;&gt;
  &lt;test name=&quot;Cucumber test&quot;&gt;
    &lt;classes&gt;
      &lt;class name=&quot;step_Definitions.Runner&quot;/&gt;
    &lt;/classes&gt;
  &lt;/test&gt; &lt;!-- Cucumber test --&gt;
&lt;/suite&gt; &lt;!-- Cucumber Suite --&gt;
            </pre>
          </div> <!-- main-panel-content rounded-window-bottom -->
        </div> <!-- panel -->
        <div panel-name="testlist-Cucumber_Suite" class="panel">
          <div class="main-panel-header rounded-window-top">
            <span class="header-content">Tests for Cucumber Suite</span>
          </div> <!-- main-panel-header rounded-window-top -->
          <div class="main-panel-content rounded-window-bottom">
            <ul>
              <li>
                <span class="test-name">Cucumber test (1 class)</span>
              </li>
            </ul>
          </div> <!-- main-panel-content rounded-window-bottom -->
        </div> <!-- panel -->
        <div panel-name="group-Cucumber_Suite" class="panel">
          <div class="main-panel-header rounded-window-top">
            <span class="header-content">Groups for Cucumber Suite</span>
          </div> <!-- main-panel-header rounded-window-top -->
          <div class="main-panel-content rounded-window-bottom">
            <div class="test-group">
              <span class="test-group-name">cucumber</span>
              <br/>
              <div class="method-in-group">
                <span class="method-in-group-name">feature</span>
                <br/>
              </div> <!-- method-in-group -->
            </div> <!-- test-group -->
          </div> <!-- main-panel-content rounded-window-bottom -->
        </div> <!-- panel -->
        <div panel-name="times-Cucumber_Suite" class="panel">
          <div class="main-panel-header rounded-window-top">
            <span class="header-content">Times for Cucumber Suite</span>
          </div> <!-- main-panel-header rounded-window-top -->
          <div class="main-panel-content rounded-window-bottom">
            <div class="times-div">
              <script type="text/javascript">
suiteTableInitFunctions.push('tableData_Cucumber_Suite');
function tableData_Cucumber_Suite() {
var data = new google.visualization.DataTable();
data.addColumn('number', 'Number');
data.addColumn('string', 'Method');
data.addColumn('string', 'Class');
data.addColumn('number', 'Time (ms)');
data.addRows(1);
data.setCell(0, 0, 0)
data.setCell(0, 1, 'feature')
data.setCell(0, 2, 'step_Definitions.Runner')
data.setCell(0, 3, 15289);
window.suiteTableData['Cucumber_Suite']= { tableData: data, tableDiv: 'times-div-Cucumber_Suite'}
return data;
}
              </script>
              <span class="suite-total-time">Total running time: 15 seconds</span>
              <div id="times-div-Cucumber_Suite">
              </div> <!-- times-div-Cucumber_Suite -->
            </div> <!-- times-div -->
          </div> <!-- main-panel-content rounded-window-bottom -->
        </div> <!-- panel -->
        <div panel-name="reporter-Cucumber_Suite" class="panel">
          <div class="main-panel-header rounded-window-top">
            <span class="header-content">Reporter output for Cucumber Suite</span>
          </div> <!-- main-panel-header rounded-window-top -->
          <div class="main-panel-content rounded-window-bottom">
          </div> <!-- main-panel-content rounded-window-bottom -->
        </div> <!-- panel -->
        <div panel-name="ignored-methods-Cucumber_Suite" class="panel">
          <div class="main-panel-header rounded-window-top">
            <span class="header-content">0 ignored methods</span>
          </div> <!-- main-panel-header rounded-window-top -->
          <div class="main-panel-content rounded-window-bottom">
          </div> <!-- main-panel-content rounded-window-bottom -->
        </div> <!-- panel -->
        <div panel-name="chronological-Cucumber_Suite" class="panel">
          <div class="main-panel-header rounded-window-top">
            <span class="header-content">Methods in chronological order</span>
          </div> <!-- main-panel-header rounded-window-top -->
          <div class="main-panel-content rounded-window-bottom">
            <div class="chronological-class">
              <div class="chronological-class-name">step_Definitions.Runner</div> <!-- chronological-class-name -->
              <div class="configuration-class before">
                <span class="method-name">setUpClass</span>
                <span class="method-start">0 ms</span>
              </div> <!-- configuration-class before -->
              <div class="test-method">
                <img src="failed.png">
                </img>
                <span class="method-name">feature(Search for a Bus)</span>
                <span class="method-start">562 ms</span>
              </div> <!-- test-method -->
              <div class="configuration-class after">
                <span class="method-name">writeExtentReport</span>
                <span class="method-start">15862 ms</span>
              </div> <!-- configuration-class after -->
              <div class="configuration-class after">
                <span class="method-name">tearDownClass</span>
                <span class="method-start">16006 ms</span>
              </div> <!-- configuration-class after -->
          </div> <!-- main-panel-content rounded-window-bottom -->
        </div> <!-- panel -->
      </div> <!-- main-panel-root -->
    </div> <!-- wrapper -->
  </body>
</html>
